Planning Controller: {
  getBasePersonnel: [AsyncFunction (anonymous)],
  addBasePersonnel: [AsyncFunction (anonymous)],
  addPersonnelWithWeeks: [AsyncFunction (anonymous)],
  updateBasePersonnel: [AsyncFunction (anonymous)],
  deleteBasePersonnel: [AsyncFunction (anonymous)],
  getPlanningsByDateRange: [AsyncFunction (anonymous)],
  generateWeeklyPlanning: [AsyncFunction (anonymous)]
}
Server is running on http://localhost:4000
Planning Controller: {
  getBasePersonnel: [AsyncFunction (anonymous)],
  addBasePersonnel: [AsyncFunction (anonymous)],
  addPersonnelWithWeeks: [AsyncFunction (anonymous)],
  updateBasePersonnel: [AsyncFunction (anonymous)],
  deleteBasePersonnel: [AsyncFunction (anonymous)],
  getPlanningsByDateRange: [AsyncFunction (anonymous)],
  generateWeeklyPlanning: [AsyncFunction (anonymous)]
}
Planning Controller: {
  getBasePersonnel: [AsyncFunction (anonymous)],
  addBasePersonnel: [AsyncFunction (anonymous)],
  addPersonnelWithWeeks: [AsyncFunction (anonymous)],
  updateBasePersonnel: [AsyncFunction (anonymous)],
  deleteBasePersonnel: [AsyncFunction (anonymous)],
  getPlanningsByDateRange: [AsyncFunction (anonymous)],
  generateWeeklyPlanning: [AsyncFunction (anonymous)]
}
Planning Controller: {
  getBasePersonnel: [AsyncFunction (anonymous)],
  addBasePersonnel: [AsyncFunction (anonymous)],
  addPersonnelWithWeeks: [AsyncFunction (anonymous)],
  updateBasePersonnel: [AsyncFunction (anonymous)],
  deleteBasePersonnel: [AsyncFunction (anonymous)],
  getPlanningsByDateRange: [AsyncFunction (anonymous)],
  generateWeeklyPlanning: [AsyncFunction (anonymous)]
}
Planning Controller: {
  getBasePersonnel: [AsyncFunction (anonymous)],
  addBasePersonnel: [AsyncFunction (anonymous)],
  addPersonnelWithWeeks: [AsyncFunction (anonymous)],
  updateBasePersonnel: [AsyncFunction (anonymous)],
  deleteBasePersonnel: [AsyncFunction (anonymous)],
  getPlanningsByDateRange: [AsyncFunction (anonymous)],
  generateWeeklyPlanning: [AsyncFunction (anonymous)]
}
Planning Controller: {
  getBasePersonnel: [AsyncFunction (anonymous)],
  addBasePersonnel: [AsyncFunction (anonymous)],
  addPersonnelWithWeeks: [AsyncFunction (anonymous)],
  updateBasePersonnel: [AsyncFunction (anonymous)],
  deleteBasePersonnel: [AsyncFunction (anonymous)],
  getPlanningsByDateRange: [AsyncFunction (anonymous)],
  generateWeeklyPlanning: [AsyncFunction (anonymous)]
}
Planning Controller: {
  getBasePersonnel: [AsyncFunction (anonymous)],
  addBasePersonnel: [AsyncFunction (anonymous)],
  addPersonnelWithWeeks: [AsyncFunction (anonymous)],
  updateBasePersonnel: [AsyncFunction (anonymous)],
  deleteBasePersonnel: [AsyncFunction (anonymous)],
  getPlanningsByDateRange: [AsyncFunction (anonymous)],
  generateWeeklyPlanning: [AsyncFunction (anonymous)]
}
Planning Controller: {
  getBasePersonnel: [AsyncFunction (anonymous)],
  addBasePersonnel: [AsyncFunction (anonymous)],
  addPersonnelWithWeeks: [AsyncFunction (anonymous)],
  updateBasePersonnel: [AsyncFunction (anonymous)],
  deleteBasePersonnel: [AsyncFunction (anonymous)],
  getPlanningsByDateRange: [AsyncFunction (anonymous)],
  generateWeeklyPlanning: [AsyncFunction (anonymous)]
}
Planning Controller: {
  getBasePersonnel: [AsyncFunction (anonymous)],
  addBasePersonnel: [AsyncFunction (anonymous)],
  addPersonnelWithWeeks: [AsyncFunction (anonymous)],
  updateBasePersonnel: [AsyncFunction (anonymous)],
  deleteBasePersonnel: [AsyncFunction (anonymous)],
  getPlanningsByDateRange: [AsyncFunction (anonymous)],
  generateWeeklyPlanning: [AsyncFunction (anonymous)]
}
Planning Controller: {
  getBasePersonnel: [AsyncFunction (anonymous)],
  addBasePersonnel: [AsyncFunction (anonymous)],
  addPersonnelWithWeeks: [AsyncFunction (anonymous)],
  updateBasePersonnel: [AsyncFunction (anonymous)],
  deleteBasePersonnel: [AsyncFunction (anonymous)],
  getPlanningsByDateRange: [AsyncFunction (anonymous)],
  generateWeeklyPlanning: [AsyncFunction (anonymous)]
}
Planning Controller: {
  getBasePersonnel: [AsyncFunction (anonymous)],
  addBasePersonnel: [AsyncFunction (anonymous)],
  addPersonnelWithWeeks: [AsyncFunction (anonymous)],
  updateBasePersonnel: [AsyncFunction (anonymous)],
  deleteBasePersonnel: [AsyncFunction (anonymous)],
  getPlanningsByDateRange: [AsyncFunction (anonymous)],
  generateWeeklyPlanning: [AsyncFunction (anonymous)]
}
Planning Controller: {
  getBasePersonnel: [AsyncFunction (anonymous)],
  addBasePersonnel: [AsyncFunction (anonymous)],
  addPersonnelWithWeeks: [AsyncFunction (anonymous)],
  updateBasePersonnel: [AsyncFunction (anonymous)],
  deleteBasePersonnel: [AsyncFunction (anonymous)],
  getPlanningsByDateRange: [AsyncFunction (anonymous)],
  generateWeeklyPlanning: [AsyncFunction (anonymous)]
}
Planning Controller: {
  getBasePersonnel: [AsyncFunction (anonymous)],
  addBasePersonnel: [AsyncFunction (anonymous)],
  addPersonnelWithWeeks: [AsyncFunction (anonymous)],
  updateBasePersonnel: [AsyncFunction (anonymous)],
  deleteBasePersonnel: [AsyncFunction (anonymous)],
  getPlanningsByDateRange: [AsyncFunction (anonymous)],
  generateWeeklyPlanning: [AsyncFunction (anonymous)]
}
Planning Controller: {
  getBasePersonnel: [AsyncFunction (anonymous)],
  addBasePersonnel: [AsyncFunction (anonymous)],
  addPersonnelWithWeeks: [AsyncFunction (anonymous)],
  updateBasePersonnel: [AsyncFunction (anonymous)],
  deleteBasePersonnel: [AsyncFunction (anonymous)],
  getPlanningsByDateRange: [AsyncFunction (anonymous)],
  generateWeeklyPlanning: [AsyncFunction (anonymous)]
}
Planning Controller: {
  getBasePersonnel: [AsyncFunction (anonymous)],
  addBasePersonnel: [AsyncFunction (anonymous)],
  addPersonnelWithWeeks: [AsyncFunction (anonymous)],
  updateBasePersonnel: [AsyncFunction (anonymous)],
  deleteBasePersonnel: [AsyncFunction (anonymous)],
  getPlanningsByDateRange: [AsyncFunction (anonymous)],
  generateWeeklyPlanning: [AsyncFunction (anonymous)]
}
Planning Controller: {
  getBasePersonnel: [AsyncFunction (anonymous)],
  addBasePersonnel: [AsyncFunction (anonymous)],
  addPersonnelWithWeeks: [AsyncFunction (anonymous)],
  updateBasePersonnel: [AsyncFunction (anonymous)],
  deleteBasePersonnel: [AsyncFunction (anonymous)],
  getPlanningsByDateRange: [AsyncFunction (anonymous)],
  generateWeeklyPlanning: [AsyncFunction (anonymous)]
}
Planning Controller: {
  getBasePersonnel: [AsyncFunction (anonymous)],
  addBasePersonnel: [AsyncFunction (anonymous)],
  addPersonnelWithWeeks: [AsyncFunction (anonymous)],
  updateBasePersonnel: [AsyncFunction (anonymous)],
  deleteBasePersonnel: [AsyncFunction (anonymous)],
  getPlanningsByDateRange: [AsyncFunction (anonymous)],
  generateWeeklyPlanning: [AsyncFunction (anonymous)]
}
Planning Controller: {
  getBasePersonnel: [AsyncFunction (anonymous)],
  addBasePersonnel: [AsyncFunction (anonymous)],
  addPersonnelWithWeeks: [AsyncFunction (anonymous)],
  updateBasePersonnel: [AsyncFunction (anonymous)],
  deleteBasePersonnel: [AsyncFunction (anonymous)],
  getPlanningsByDateRange: [AsyncFunction (anonymous)],
  generateWeeklyPlanning: [AsyncFunction (anonymous)]
}
Planning Controller: {
  getBasePersonnel: [AsyncFunction (anonymous)],
  addBasePersonnel: [AsyncFunction (anonymous)],
  addPersonnelWithWeeks: [AsyncFunction (anonymous)],
  updateBasePersonnel: [AsyncFunction (anonymous)],
  deleteBasePersonnel: [AsyncFunction (anonymous)],
  getPlanningsByDateRange: [AsyncFunction (anonymous)],
  generateWeeklyPlanning: [AsyncFunction (anonymous)]
}
Planning Controller: {
  getBasePersonnel: [AsyncFunction (anonymous)],
  addBasePersonnel: [AsyncFunction (anonymous)],
  addPersonnelWithWeeks: [AsyncFunction (anonymous)],
  updateBasePersonnel: [AsyncFunction (anonymous)],
  deleteBasePersonnel: [AsyncFunction (anonymous)],
  getPlanningsByDateRange: [AsyncFunction (anonymous)],
  generateWeeklyPlanning: [AsyncFunction (anonymous)]
}
Planning Controller: {
  getBasePersonnel: [AsyncFunction (anonymous)],
  addBasePersonnel: [AsyncFunction (anonymous)],
  addPersonnelWithWeeks: [AsyncFunction (anonymous)],
  updateBasePersonnel: [AsyncFunction (anonymous)],
  deleteBasePersonnel: [AsyncFunction (anonymous)],
  getPlanningsByDateRange: [AsyncFunction (anonymous)],
  generateWeeklyPlanning: [AsyncFunction (anonymous)]
}
Planning Controller: {
  getBasePersonnel: [AsyncFunction (anonymous)],
  addBasePersonnel: [AsyncFunction (anonymous)],
  addPersonnelWithWeeks: [AsyncFunction (anonymous)],
  updateBasePersonnel: [AsyncFunction (anonymous)],
  deleteBasePersonnel: [AsyncFunction (anonymous)],
  getPlanningsByDateRange: [AsyncFunction (anonymous)],
  generateWeeklyPlanning: [AsyncFunction (anonymous)]
}
Planning Controller: {
  getBasePersonnel: [AsyncFunction (anonymous)],
  addBasePersonnel: [AsyncFunction (anonymous)],
  addPersonnelWithWeeks: [AsyncFunction (anonymous)],
  updateBasePersonnel: [AsyncFunction (anonymous)],
  deleteBasePersonnel: [AsyncFunction (anonymous)],
  getPlanningsByDateRange: [AsyncFunction (anonymous)],
  generateWeeklyPlanning: [AsyncFunction (anonymous)]
}
Planning Controller: {
  getBasePersonnel: [AsyncFunction (anonymous)],
  addBasePersonnel: [AsyncFunction (anonymous)],
  addPersonnelWithWeeks: [AsyncFunction (anonymous)],
  updateBasePersonnel: [AsyncFunction (anonymous)],
  deleteBasePersonnel: [AsyncFunction (anonymous)],
  getPlanningsByDateRange: [AsyncFunction (anonymous)],
  generateWeeklyPlanning: [AsyncFunction (anonymous)]
}
Planning Controller: {
  getBasePersonnel: [AsyncFunction (anonymous)],
  addBasePersonnel: [AsyncFunction (anonymous)],
  addPersonnelWithWeeks: [AsyncFunction (anonymous)],
  updateBasePersonnel: [AsyncFunction (anonymous)],
  deleteBasePersonnel: [AsyncFunction (anonymous)],
  getPlanningsByDateRange: [AsyncFunction (anonymous)],
  generateWeeklyPlanning: [AsyncFunction (anonymous)]
}
Planning Controller: {
  getBasePersonnel: [AsyncFunction (anonymous)],
  addBasePersonnel: [AsyncFunction (anonymous)],
  addPersonnelWithWeeks: [AsyncFunction (anonymous)],
  updateBasePersonnel: [AsyncFunction (anonymous)],
  deleteBasePersonnel: [AsyncFunction (anonymous)],
  getPlanningsByDateRange: [AsyncFunction (anonymous)],
  generateWeeklyPlanning: [AsyncFunction (anonymous)]
}
Server is running on http://localhost:4000
Planning Controller: {
  getBasePersonnel: [AsyncFunction (anonymous)],
  addBasePersonnel: [AsyncFunction (anonymous)],
  addPersonnelWithWeeks: [AsyncFunction (anonymous)],
  updateBasePersonnel: [AsyncFunction (anonymous)],
  deleteBasePersonnel: [AsyncFunction (anonymous)],
  getPlanningsByDateRange: [AsyncFunction (anonymous)],
  generateWeeklyPlanning: [AsyncFunction (anonymous)]
}
Server is running on http://localhost:4000
Requête reçue : GET /
Headers : {
  host: '192.168.1.18:4000',
  connection: 'keep-alive',
  'upgrade-insecure-requests': '1',
  'user-agent': 'Mozilla/5.0 (Windows NT 10.0; Win64; x64) AppleWebKit/537.36 (KHTML, like Gecko) Chrome/109.0.0.0 Safari/537.36',
  accept: 'text/html,application/xhtml+xml,application/xml;q=0.9,image/avif,image/webp,image/apng,*/*;q=0.8,application/signed-exchange;v=b3;q=0.9',
  'accept-encoding': 'gzip, deflate',
  'accept-language': 'fr-FR,fr;q=0.9,en-US;q=0.8,en;q=0.7'
}
[0mGET / [33m404[0m 4.870 ms - 139[0m
Requête reçue : GET /
Headers : {
  accept: 'text/html, application/xhtml+xml, */*',
  'accept-language': 'fr-FR',
  'user-agent': 'Mozilla/5.0 (Windows NT 6.3; WOW64; Trident/7.0; rv:11.0) like Gecko',
  'accept-encoding': 'gzip, deflate',
  host: '192.168.1.18:4000',
  connection: 'Keep-Alive'
}
[0mGET / [33m404[0m 1.811 ms - 139[0m
Planning Controller: {
  getBasePersonnel: [AsyncFunction (anonymous)],
  addBasePersonnel: [AsyncFunction (anonymous)],
  addPersonnelWithWeeks: [AsyncFunction (anonymous)],
  updateBasePersonnel: [AsyncFunction (anonymous)],
  deleteBasePersonnel: [AsyncFunction (anonymous)],
  getPlanningsByDateRange: [AsyncFunction (anonymous)],
  generateWeeklyPlanning: [AsyncFunction (anonymous)]
}
Server is running on http://localhost:4000
Planning Controller: {
  getBasePersonnel: [AsyncFunction (anonymous)],
  addBasePersonnel: [AsyncFunction (anonymous)],
  addPersonnelWithWeeks: [AsyncFunction (anonymous)],
  updateBasePersonnel: [AsyncFunction (anonymous)],
  deleteBasePersonnel: [AsyncFunction (anonymous)],
  getPlanningsByDateRange: [AsyncFunction (anonymous)],
  generateWeeklyPlanning: [AsyncFunction (anonymous)]
}
Server is running on http://localhost:4000
Planning Controller: {
  getBasePersonnel: [AsyncFunction (anonymous)],
  addBasePersonnel: [AsyncFunction (anonymous)],
  addPersonnelWithWeeks: [AsyncFunction (anonymous)],
  updateBasePersonnel: [AsyncFunction (anonymous)],
  deleteBasePersonnel: [AsyncFunction (anonymous)],
  getPlanningsByDateRange: [AsyncFunction (anonymous)],
  generateWeeklyPlanning: [AsyncFunction (anonymous)]
}
Server is running on http://localhost:4000
Requête reçue : GET /
Headers : {
  host: 'localhost:4000',
  connection: 'keep-alive',
  'sec-ch-ua': '"Not_A Brand";v="99", "Google Chrome";v="109", "Chromium";v="109"',
  'sec-ch-ua-mobile': '?0',
  'sec-ch-ua-platform': '"Windows"',
  'upgrade-insecure-requests': '1',
  'user-agent': 'Mozilla/5.0 (Windows NT 10.0; Win64; x64) AppleWebKit/537.36 (KHTML, like Gecko) Chrome/109.0.0.0 Safari/537.36',
  accept: 'text/html,application/xhtml+xml,application/xml;q=0.9,image/avif,image/webp,image/apng,*/*;q=0.8,application/signed-exchange;v=b3;q=0.9',
  'sec-fetch-site': 'none',
  'sec-fetch-mode': 'navigate',
  'sec-fetch-user': '?1',
  'sec-fetch-dest': 'document',
  'accept-encoding': 'gzip, deflate, br',
  'accept-language': 'fr-FR,fr;q=0.9,en-US;q=0.8,en;q=0.7'
}
[0mGET / [33m404[0m 5.347 ms - 139[0m
Requête reçue : GET /
Headers : {
  host: 'localhost:4000',
  connection: 'keep-alive',
  'cache-control': 'max-age=0',
  'sec-ch-ua': '"Not_A Brand";v="99", "Google Chrome";v="109", "Chromium";v="109"',
  'sec-ch-ua-mobile': '?0',
  'sec-ch-ua-platform': '"Windows"',
  'upgrade-insecure-requests': '1',
  'user-agent': 'Mozilla/5.0 (Windows NT 10.0; Win64; x64) AppleWebKit/537.36 (KHTML, like Gecko) Chrome/109.0.0.0 Safari/537.36',
  accept: 'text/html,application/xhtml+xml,application/xml;q=0.9,image/avif,image/webp,image/apng,*/*;q=0.8,application/signed-exchange;v=b3;q=0.9',
  'sec-fetch-site': 'none',
  'sec-fetch-mode': 'navigate',
  'sec-fetch-user': '?1',
  'sec-fetch-dest': 'document',
  'accept-encoding': 'gzip, deflate, br',
  'accept-language': 'fr-FR,fr;q=0.9,en-US;q=0.8,en;q=0.7'
}
[0mGET / [33m404[0m 1.415 ms - 139[0m
Requête reçue : GET /api/user
Headers : {
  'if-none-match': 'W/"5f-L4MTny5mo7apOOytpHm96VYWKgg"',
  'accept-language': 'fr-FR,fr;q=0.9,en-US;q=0.8,en;q=0.7',
  'accept-encoding': 'gzip, deflate, br',
  referer: 'http://localhost:3000/',
  'sec-fetch-dest': 'empty',
  'sec-fetch-mode': 'cors',
  'sec-fetch-site': 'same-origin',
  'sec-ch-ua-platform': '"Windows"',
  'user-agent': 'Mozilla/5.0 (Windows NT 10.0; Win64; x64) AppleWebKit/537.36 (KHTML, like Gecko) Chrome/109.0.0.0 Safari/537.36',
  authorization: 'Bearer eyJhbGciOiJIUzI1NiIsInR5cCI6IkpXVCJ9.eyJpZCI6MywiaWF0IjoxNzMzODI3OTgwLCJleHAiOjE3NjUzNjM5ODB9.3qyRGchaRhJJ0n0ela1po5ofd9_QEBvcBHqxiWJS3w4',
  'sec-ch-ua-mobile': '?0',
  accept: 'application/json, text/plain, */*',
  'sec-ch-ua': '"Not_A Brand";v="99", "Google Chrome";v="109", "Chromium";v="109"',
  connection: 'close',
  host: 'localhost:4000',
  'x-forwarded-host': 'localhost:3000'
}
Token décodé : { id: 3, iat: 1733827980, exp: 1765363980 }
ID reçu : 3
Résultat brut de la requête SQL : [
  {
    id: 3,
    email: 'julesruberti@gmail.com',
    password: '$2b$12$D1elfugwJCFUcpdQK4tjbOkBMjbiaa8m7CYuH.S//UG60sSlfCaQq',
    role_id: 1,
    created_at: 2024-11-07T08:16:29.000Z,
    tel: '336',
    service: 'Achat',
    avatar: null
  }
]
Utilisateur trouvé : {
  id: 3,
  email: 'julesruberti@gmail.com',
  password: '$2b$12$D1elfugwJCFUcpdQK4tjbOkBMjbiaa8m7CYuH.S//UG60sSlfCaQq',
  role_id: 1,
  created_at: 2024-11-07T08:16:29.000Z,
  tel: '336',
  service: 'Achat',
  avatar: null
}
[0mGET /api/user [36m304[0m 111.188 ms - -[0m
Requête reçue : GET /api/user
Headers : {
  'if-none-match': 'W/"5f-L4MTny5mo7apOOytpHm96VYWKgg"',
  'accept-language': 'fr-FR,fr;q=0.9,en-US;q=0.8,en;q=0.7',
  'accept-encoding': 'gzip, deflate, br',
  referer: 'http://localhost:3000/',
  'sec-fetch-dest': 'empty',
  'sec-fetch-mode': 'cors',
  'sec-fetch-site': 'same-origin',
  'sec-ch-ua-platform': '"Windows"',
  'user-agent': 'Mozilla/5.0 (Windows NT 10.0; Win64; x64) AppleWebKit/537.36 (KHTML, like Gecko) Chrome/109.0.0.0 Safari/537.36',
  authorization: 'Bearer eyJhbGciOiJIUzI1NiIsInR5cCI6IkpXVCJ9.eyJpZCI6MywiaWF0IjoxNzMzODI3OTgwLCJleHAiOjE3NjUzNjM5ODB9.3qyRGchaRhJJ0n0ela1po5ofd9_QEBvcBHqxiWJS3w4',
  'sec-ch-ua-mobile': '?0',
  accept: 'application/json, text/plain, */*',
  'sec-ch-ua': '"Not_A Brand";v="99", "Google Chrome";v="109", "Chromium";v="109"',
  connection: 'close',
  host: 'localhost:4000',
  'x-forwarded-host': 'localhost:3000'
}
Token décodé : { id: 3, iat: 1733827980, exp: 1765363980 }
ID reçu : 3
Résultat brut de la requête SQL : [
  {
    id: 3,
    email: 'julesruberti@gmail.com',
    password: '$2b$12$D1elfugwJCFUcpdQK4tjbOkBMjbiaa8m7CYuH.S//UG60sSlfCaQq',
    role_id: 1,
    created_at: 2024-11-07T08:16:29.000Z,
    tel: '336',
    service: 'Achat',
    avatar: null
  }
]
Utilisateur trouvé : {
  id: 3,
  email: 'julesruberti@gmail.com',
  password: '$2b$12$D1elfugwJCFUcpdQK4tjbOkBMjbiaa8m7CYuH.S//UG60sSlfCaQq',
  role_id: 1,
  created_at: 2024-11-07T08:16:29.000Z,
  tel: '336',
  service: 'Achat',
  avatar: null
}
[0mGET /api/user [36m304[0m 3.692 ms - -[0m
Origine non autorisée : http://localhost:3000
Origine non autorisée : http://localhost:3000
Requête reçue : GET /
Headers : {
  host: '192.168.1.18:4000',
  connection: 'keep-alive',
  'upgrade-insecure-requests': '1',
  'user-agent': 'Mozilla/5.0 (Windows NT 10.0; Win64; x64) AppleWebKit/537.36 (KHTML, like Gecko) Chrome/109.0.0.0 Safari/537.36',
  accept: 'text/html,application/xhtml+xml,application/xml;q=0.9,image/avif,image/webp,image/apng,*/*;q=0.8,application/signed-exchange;v=b3;q=0.9',
  'accept-encoding': 'gzip, deflate',
  'accept-language': 'fr-FR,fr;q=0.9,en-US;q=0.8,en;q=0.7'
}
[0mGET / [33m404[0m 1.662 ms - 139[0m
Planning Controller: {
  getBasePersonnel: [AsyncFunction (anonymous)],
  addBasePersonnel: [AsyncFunction (anonymous)],
  addPersonnelWithWeeks: [AsyncFunction (anonymous)],
  updateBasePersonnel: [AsyncFunction (anonymous)],
  deleteBasePersonnel: [AsyncFunction (anonymous)],
  getPlanningsByDateRange: [AsyncFunction (anonymous)],
  generateWeeklyPlanning: [AsyncFunction (anonymous)]
}
Origines autorisées : [ 'http://localhost:3000', 'http://192.168.1.18:3000' ]
Server is running on http://localhost:4000
Planning Controller: {
  getBasePersonnel: [AsyncFunction (anonymous)],
  addBasePersonnel: [AsyncFunction (anonymous)],
  addPersonnelWithWeeks: [AsyncFunction (anonymous)],
  updateBasePersonnel: [AsyncFunction (anonymous)],
  deleteBasePersonnel: [AsyncFunction (anonymous)],
  getPlanningsByDateRange: [AsyncFunction (anonymous)],
  generateWeeklyPlanning: [AsyncFunction (anonymous)]
}
Origines autorisées : [ 'http://localhost:3000', 'http://192.168.1.18:3000' ]
Server is running on http://localhost:4000
Planning Controller: {
  getBasePersonnel: [AsyncFunction (anonymous)],
  addBasePersonnel: [AsyncFunction (anonymous)],
  addPersonnelWithWeeks: [AsyncFunction (anonymous)],
  updateBasePersonnel: [AsyncFunction (anonymous)],
  deleteBasePersonnel: [AsyncFunction (anonymous)],
  getPlanningsByDateRange: [AsyncFunction (anonymous)],
  generateWeeklyPlanning: [AsyncFunction (anonymous)]
}
Origines autorisées : [ 'http://localhost:3000', 'http://192.168.1.18:3000' ]
Planning Controller: {
  getBasePersonnel: [AsyncFunction (anonymous)],
  addBasePersonnel: [AsyncFunction (anonymous)],
  addPersonnelWithWeeks: [AsyncFunction (anonymous)],
  updateBasePersonnel: [AsyncFunction (anonymous)],
  deleteBasePersonnel: [AsyncFunction (anonymous)],
  getPlanningsByDateRange: [AsyncFunction (anonymous)],
  generateWeeklyPlanning: [AsyncFunction (anonymous)]
}
Origines autorisées : [ 'http://localhost:3000', 'http://192.168.1.18:3000' ]
Planning Controller: {
  getBasePersonnel: [AsyncFunction (anonymous)],
  addBasePersonnel: [AsyncFunction (anonymous)],
  addPersonnelWithWeeks: [AsyncFunction (anonymous)],
  updateBasePersonnel: [AsyncFunction (anonymous)],
  deleteBasePersonnel: [AsyncFunction (anonymous)],
  getPlanningsByDateRange: [AsyncFunction (anonymous)],
  generateWeeklyPlanning: [AsyncFunction (anonymous)]
}
Origines autorisées : [ 'http://localhost:3000', 'http://192.168.1.18:3000' ]
Planning Controller: {
  getBasePersonnel: [AsyncFunction (anonymous)],
  addBasePersonnel: [AsyncFunction (anonymous)],
  addPersonnelWithWeeks: [AsyncFunction (anonymous)],
  updateBasePersonnel: [AsyncFunction (anonymous)],
  deleteBasePersonnel: [AsyncFunction (anonymous)],
  getPlanningsByDateRange: [AsyncFunction (anonymous)],
  generateWeeklyPlanning: [AsyncFunction (anonymous)]
}
Origines autorisées : [ 'http://localhost:3000', 'http://192.168.1.18:3000' ]
Server is running on http://localhost:4000
Requête reçue : POST /api/user
Headers : {
  host: '192.168.1.18:4000',
  connection: 'keep-alive',
  'content-length': '57',
  'user-agent': 'Mozilla/5.0 (Windows NT 10.0; Win64; x64) AppleWebKit/537.36 (KHTML, like Gecko) Chrome/122.0.0.0 Safari/537.36',
  'content-type': 'application/json',
  accept: '*/*',
  origin: 'http://192.168.1.18:3000',
  referer: 'http://192.168.1.18:3000/',
  'accept-encoding': 'gzip, deflate',
  'accept-language': 'fr-FR,fr;q=0.9,en-US;q=0.8,en;q=0.7'
}
[0mPOST /api/user [32m200[0m 403.664 ms - 163[0m
Requête reçue : GET /api/user
Headers : {
  'if-none-match': 'W/"63-4gKnYIx8q0wQcpRnGfODDzWg2SM"',
  'accept-language': 'fr-FR,fr;q=0.9,en-US;q=0.8,en;q=0.7',
  'accept-encoding': 'gzip, deflate',
  referer: 'http://192.168.1.18:3000/',
  'user-agent': 'Mozilla/5.0 (Windows NT 10.0; Win64; x64) AppleWebKit/537.36 (KHTML, like Gecko) Chrome/122.0.0.0 Safari/537.36',
  authorization: 'Bearer eyJhbGciOiJIUzI1NiIsInR5cCI6IkpXVCJ9.eyJpZCI6MywiaWF0IjoxNzMzOTI5MzU3LCJleHAiOjE3NjU0NjUzNTd9.jhRTUg7QVdEZLJi_G17WHPrQuEKL__oBB2DoH8ZtOMQ',
  accept: 'application/json, text/plain, */*',
  connection: 'close',
  host: 'localhost:4000',
  'x-forwarded-host': '192.168.1.18:3000'
}
Token décodé : { id: 3, iat: 1733929357, exp: 1765465357 }
ID reçu : 3
Résultat brut de la requête SQL : [
  {
    id: 3,
    email: 'julesruberti@gmail.com',
    password: '$2b$12$D1elfugwJCFUcpdQK4tjbOkBMjbiaa8m7CYuH.S//UG60sSlfCaQq',
    role_id: 1,
    created_at: 2024-11-07T08:16:29.000Z,
    tel: '336',
    service: 'Achat',
    avatar: null
  }
]
Utilisateur trouvé : {
  id: 3,
  email: 'julesruberti@gmail.com',
  password: '$2b$12$D1elfugwJCFUcpdQK4tjbOkBMjbiaa8m7CYuH.S//UG60sSlfCaQq',
  role_id: 1,
  created_at: 2024-11-07T08:16:29.000Z,
  tel: '336',
  service: 'Achat',
  avatar: null
}
[0mGET /api/user [32m200[0m 7.296 ms - 95[0m
